[0.482s] DEBUG:colcon:Command line arguments: ['/usr/bin/colcon', 'list', '-p', '--base-paths', '/home/uts/ros2_ws/src/turtlebot3_simulations/turtlebot3_gazebo/launch']
[0.482s] DEBUG:colcon:Parsed command line arguments: Namespace(log_base=None, log_level=None, verb_name='list', build_base='build', ignore_user_meta=False, metas=['./colcon.meta'], base_paths=['/home/uts/ros2_ws/src/turtlebot3_simulations/turtlebot3_gazebo/launch'], packages_ignore=None, packages_ignore_regex=None, paths=None, packages_up_to=None, packages_up_to_regex=None, packages_above=None, packages_above_and_dependencies=None, packages_above_depth=None, packages_select_by_dep=None, packages_skip_by_dep=None, packages_skip_up_to=None, packages_select_build_failed=False, packages_skip_build_finished=False, packages_select_test_failures=False, packages_skip_test_passed=False, packages_select=None, packages_skip=None, packages_select_regex=None, packages_skip_regex=None, packages_start=None, packages_end=None, allow_overriding=[], topological_order=False, names_only=False, paths_only=True, topological_graph=False, topological_graph_dot=False, topological_graph_density=False, topological_graph_legend=False, topological_graph_dot_cluster=False, topological_graph_dot_include_skipped=False, mixin_files=None, mixin=None, verb_parser=<colcon_mixin.mixin.mixin_argument.MixinArgumentDecorator object at 0x7fbcb5be0040>, verb_extension=<colcon_package_information.verb.list.ListVerb object at 0x7fbcb5d4cca0>, main=<bound method ListVerb.main of <colcon_package_information.verb.list.ListVerb object at 0x7fbcb5d4cca0>>, mixin_verb=('list',))
[0.907s] Level 1:colcon.colcon_core.package_discovery:discover_packages(colcon_meta) check parameters
[0.907s] Level 1:colcon.colcon_core.package_discovery:discover_packages(recursive) check parameters
[0.907s] Level 1:colcon.colcon_core.package_discovery:discover_packages(ignore) check parameters
[0.907s] Level 1:colcon.colcon_core.package_discovery:discover_packages(path) check parameters
[0.907s] Level 1:colcon.colcon_core.package_discovery:discover_packages(recursive) discover
[0.907s] INFO:colcon.colcon_core.package_discovery:Crawling recursively for packages in '/home/uts/ros2_ws/src/turtlebot3_simulations/turtlebot3_gazebo/launch'
[0.908s] Level 1:colcon.colcon_core.package_identification:_identify(/home/uts/ros2_ws/src/turtlebot3_simulations/turtlebot3_gazebo/launch) by extensions ['ignore', 'ignore_ament_install']
[0.908s] Level 1:colcon.colcon_core.package_identification:_identify(/home/uts/ros2_ws/src/turtlebot3_simulations/turtlebot3_gazebo/launch) by extension 'ignore'
[0.908s] Level 1:colcon.colcon_core.package_identification:_identify(/home/uts/ros2_ws/src/turtlebot3_simulations/turtlebot3_gazebo/launch) by extension 'ignore_ament_install'
[0.908s] Level 1:colcon.colcon_core.package_identification:_identify(/home/uts/ros2_ws/src/turtlebot3_simulations/turtlebot3_gazebo/launch) by extensions ['colcon_pkg']
[0.908s] Level 1:colcon.colcon_core.package_identification:_identify(/home/uts/ros2_ws/src/turtlebot3_simulations/turtlebot3_gazebo/launch) by extension 'colcon_pkg'
[0.909s] Level 1:colcon.colcon_core.package_identification:_identify(/home/uts/ros2_ws/src/turtlebot3_simulations/turtlebot3_gazebo/launch) by extensions ['colcon_meta']
[0.909s] Level 1:colcon.colcon_core.package_identification:_identify(/home/uts/ros2_ws/src/turtlebot3_simulations/turtlebot3_gazebo/launch) by extension 'colcon_meta'
[0.909s] Level 1:colcon.colcon_core.package_identification:_identify(/home/uts/ros2_ws/src/turtlebot3_simulations/turtlebot3_gazebo/launch) by extensions ['ros']
[0.909s] Level 1:colcon.colcon_core.package_identification:_identify(/home/uts/ros2_ws/src/turtlebot3_simulations/turtlebot3_gazebo/launch) by extension 'ros'
[0.929s] Level 1:colcon.colcon_core.package_identification:_identify(/home/uts/ros2_ws/src/turtlebot3_simulations/turtlebot3_gazebo/launch) by extensions ['cmake', 'python']
[0.929s] Level 1:colcon.colcon_core.package_identification:_identify(/home/uts/ros2_ws/src/turtlebot3_simulations/turtlebot3_gazebo/launch) by extension 'cmake'
[0.930s] Level 1:colcon.colcon_core.package_identification:_identify(/home/uts/ros2_ws/src/turtlebot3_simulations/turtlebot3_gazebo/launch) by extension 'python'
[0.930s] Level 1:colcon.colcon_core.package_identification:_identify(/home/uts/ros2_ws/src/turtlebot3_simulations/turtlebot3_gazebo/launch) by extensions ['python_setup_py']
[0.930s] Level 1:colcon.colcon_core.package_identification:_identify(/home/uts/ros2_ws/src/turtlebot3_simulations/turtlebot3_gazebo/launch) by extension 'python_setup_py'
[0.931s] Level 1:colcon.colcon_core.package_identification:_identify(/home/uts/ros2_ws/src/turtlebot3_simulations/turtlebot3_gazebo/launch/log) by extensions ['ignore', 'ignore_ament_install']
[0.932s] Level 1:colcon.colcon_core.package_identification:_identify(/home/uts/ros2_ws/src/turtlebot3_simulations/turtlebot3_gazebo/launch/log) by extension 'ignore'
[0.932s] Level 1:colcon.colcon_core.package_identification:_identify(/home/uts/ros2_ws/src/turtlebot3_simulations/turtlebot3_gazebo/launch/log) ignored
[0.932s] Level 1:colcon.colcon_core.package_discovery:discover_packages(recursive) using defaults
